<?xml version="1.0" encoding="UTF-8"?>
<!-- Generated by org.testng.reporters.JUnitReportReporter -->
<testsuite skipped="0" hostname="LAPTOP-318726A2" name="com.cleartrip.qa.testcases.FlightsPageTest" tests="1" failures="0" timestamp="14 Mar 2019 18:38:53 GMT" time="9.379" errors="0">
  <testcase name="tittlecheckup" time="9.379" classname="com.cleartrip.qa.testcases.FlightsPageTest"/>
</testsuite> <!-- com.cleartrip.qa.testcases.FlightsPageTest -->
